2022-06-08 17:33:27,118 DEBUG decos.py Была вызвана функция main с параметрами (), {},Вызов из модуля __main__
2022-06-08 17:33:27,118 DEBUG decos.py Была вызвана функция config_load с параметрами (), {},Вызов из модуля __main__
2022-06-08 17:33:27,119 DEBUG decos.py Была вызвана функция arg_parser с параметрами ('7777', ''), {},Вызов из модуля __main__
2022-06-08 17:33:27,119 DEBUG server.py Инициализация парсера аргументов коммандной строки: ['/home/nadezhda/cs_python/messenger/server.py']
2022-06-08 17:41:00,393 DEBUG decos.py Была вызвана функция main с параметрами (), {},Вызов из модуля __main__
2022-06-08 17:41:00,394 DEBUG decos.py Была вызвана функция config_load с параметрами (), {},Вызов из модуля __main__
2022-06-08 17:41:00,394 DEBUG decos.py Была вызвана функция arg_parser с параметрами ('7777', ''), {},Вызов из модуля __main__
2022-06-08 17:41:00,394 DEBUG server.py Инициализация парсера аргументов коммандной строки: ['/home/nadezhda/cs_python/messenger/server.py']
2022-06-08 17:41:00,399 DEBUG server.py Аргументы успешно загружены.
2022-06-08 17:41:00,435 INFO core.py Запущен сервер, порт для подключений: 7777 , адрес с которого принимаются подключения: . Если адрес не указан, принимаются соединения с любых адресов.
2022-06-08 17:44:18,443 DEBUG decos.py Была вызвана функция main с параметрами (), {},Вызов из модуля __main__
2022-06-08 17:44:18,443 DEBUG decos.py Была вызвана функция config_load с параметрами (), {},Вызов из модуля __main__
2022-06-08 17:44:18,444 DEBUG decos.py Была вызвана функция arg_parser с параметрами ('7777', ''), {},Вызов из модуля __main__
2022-06-08 17:44:18,444 DEBUG server.py Инициализация парсера аргументов коммандной строки: ['/home/nadezhda/cs_python/messenger/server.py']
2022-06-08 17:44:18,448 DEBUG server.py Аргументы успешно загружены.
2022-06-08 17:44:18,480 INFO core.py Запущен сервер, порт для подключений: 7777 , адрес с которого принимаются подключения: . Если адрес не указан, принимаются соединения с любых адресов.
2022-06-08 19:24:47,083 DEBUG decos.py Была вызвана функция main с параметрами (), {},Вызов из модуля __main__
2022-06-08 19:24:47,083 DEBUG decos.py Была вызвана функция config_load с параметрами (), {},Вызов из модуля __main__
2022-06-08 19:24:47,083 DEBUG decos.py Была вызвана функция arg_parser с параметрами ('7777', ''), {},Вызов из модуля __main__
2022-06-08 19:24:47,083 DEBUG server.py Инициализация парсера аргументов коммандной строки: ['/home/nadezhda/cs_python/messenger/server.py']
2022-06-08 19:24:47,088 DEBUG server.py Аргументы успешно загружены.
2022-06-08 19:24:47,117 INFO core.py Запущен сервер, порт для подключений: 7777 , адрес с которого принимаются подключения: . Если адрес не указан, принимаются соединения с любых адресов.
2022-06-08 19:30:38,277 DEBUG decos.py Была вызвана функция main с параметрами (), {},Вызов из модуля __main__
2022-06-08 19:30:38,277 DEBUG decos.py Была вызвана функция config_load с параметрами (), {},Вызов из модуля __main__
2022-06-08 19:30:38,278 DEBUG decos.py Была вызвана функция arg_parser с параметрами ('7777', ''), {},Вызов из модуля __main__
2022-06-08 19:30:38,278 DEBUG server.py Инициализация парсера аргументов коммандной строки: ['server.py']
2022-06-08 19:30:38,286 DEBUG server.py Аргументы успешно загружены.
2022-06-08 19:30:38,327 INFO core.py Запущен сервер, порт для подключений: 7777 , адрес с которого принимаются подключения: . Если адрес не указан, принимаются соединения с любых адресов.
2022-06-08 19:43:36,362 DEBUG decos.py Была вызвана функция main с параметрами (), {},Вызов из модуля __main__
2022-06-08 19:43:36,363 DEBUG decos.py Была вызвана функция config_load с параметрами (), {},Вызов из модуля __main__
2022-06-08 19:43:36,363 DEBUG decos.py Была вызвана функция arg_parser с параметрами ('7777', ''), {},Вызов из модуля __main__
2022-06-08 19:43:36,363 DEBUG server.py Инициализация парсера аргументов коммандной строки: ['/home/nadezhda/cs_python/messenger/server.py']
2022-06-08 19:43:36,370 DEBUG server.py Аргументы успешно загружены.
2022-06-08 19:43:36,417 INFO core.py Запущен сервер, порт для подключений: 7777 , адрес с которого принимаются подключения: . Если адрес не указан, принимаются соединения с любых адресов.
2022-06-08 19:45:47,331 DEBUG decos.py Была вызвана функция main с параметрами (), {},Вызов из модуля __main__
2022-06-08 19:45:47,331 DEBUG decos.py Была вызвана функция config_load с параметрами (), {},Вызов из модуля __main__
2022-06-08 19:45:47,331 DEBUG decos.py Была вызвана функция arg_parser с параметрами ('7777', ''), {},Вызов из модуля __main__
2022-06-08 19:45:47,331 DEBUG server.py Инициализация парсера аргументов коммандной строки: ['/home/nadezhda/cs_python/messenger/server.py']
2022-06-08 19:45:47,336 DEBUG server.py Аргументы успешно загружены.
2022-06-08 19:45:47,368 INFO core.py Запущен сервер, порт для подключений: 7777 , адрес с которого принимаются подключения: . Если адрес не указан, принимаются соединения с любых адресов.
2022-06-08 19:57:26,230 DEBUG decos.py Была вызвана функция main с параметрами (), {},Вызов из модуля __main__
2022-06-08 19:57:26,235 DEBUG decos.py Была вызвана функция config_load с параметрами (), {},Вызов из модуля __main__
2022-06-08 19:57:26,236 DEBUG decos.py Была вызвана функция arg_parser с параметрами ('7777', ''), {},Вызов из модуля __main__
2022-06-08 19:57:26,236 DEBUG server.py Инициализация парсера аргументов коммандной строки: ['/home/nadezhda/cs_python/messenger/server.py']
2022-06-08 19:57:26,241 DEBUG server.py Аргументы успешно загружены.
2022-06-08 19:57:26,269 INFO core.py Запущен сервер, порт для подключений: 7777 , адрес с которого принимаются подключения: . Если адрес не указан, принимаются соединения с любых адресов.
2022-06-08 20:01:17,247 DEBUG decos.py Была вызвана функция main с параметрами (), {},Вызов из модуля __main__
2022-06-08 20:01:17,247 DEBUG decos.py Была вызвана функция config_load с параметрами (), {},Вызов из модуля __main__
2022-06-08 20:01:17,247 DEBUG decos.py Была вызвана функция arg_parser с параметрами ('7777', ''), {},Вызов из модуля __main__
2022-06-08 20:01:17,247 DEBUG server.py Инициализация парсера аргументов коммандной строки: ['/home/nadezhda/cs_python/messenger/server.py']
2022-06-08 20:01:17,252 DEBUG server.py Аргументы успешно загружены.
2022-06-08 20:01:17,282 INFO core.py Запущен сервер, порт для подключений: 7777 , адрес с которого принимаются подключения: . Если адрес не указан, принимаются соединения с любых адресов.
2022-06-08 20:02:52,938 DEBUG decos.py Была вызвана функция main с параметрами (), {},Вызов из модуля __main__
2022-06-08 20:02:52,938 DEBUG decos.py Была вызвана функция config_load с параметрами (), {},Вызов из модуля __main__
2022-06-08 20:02:52,938 DEBUG decos.py Была вызвана функция arg_parser с параметрами ('7777', ''), {},Вызов из модуля __main__
2022-06-08 20:02:52,938 DEBUG server.py Инициализация парсера аргументов коммандной строки: ['/home/nadezhda/cs_python/messenger/server.py']
2022-06-08 20:02:52,942 DEBUG server.py Аргументы успешно загружены.
2022-06-08 20:02:52,963 INFO core.py Запущен сервер, порт для подключений: 7777 , адрес с которого принимаются подключения: . Если адрес не указан, принимаются соединения с любых адресов.
